d:\chaos_folder\hpm-8.0\build\x86_windows\x64\debug\encoder_lib\vc141.pdb
d:\chaos_folder\hpm-8.0\build\x86_windows\x64\debug\encoder_lib\vc141.idb
d:\chaos_folder\hpm-8.0\build\x86_windows\x64\debug\encoder_lib\enc_pibc.obj
d:\chaos_folder\hpm-8.0\build\x86_windows\x64\debug\encoder_lib\enc_util.obj
d:\chaos_folder\hpm-8.0\build\x86_windows\x64\debug\encoder_lib\enc_tq.obj
d:\chaos_folder\hpm-8.0\build\x86_windows\x64\debug\encoder_lib\enc_tbl.obj
d:\chaos_folder\hpm-8.0\build\x86_windows\x64\debug\encoder_lib\enc_sad.obj
d:\chaos_folder\hpm-8.0\build\x86_windows\x64\debug\encoder_lib\enc_pintra.obj
d:\chaos_folder\hpm-8.0\build\x86_windows\x64\debug\encoder_lib\enc_pinter.obj
d:\chaos_folder\hpm-8.0\build\x86_windows\x64\debug\encoder_lib\enc_mode.obj
d:\chaos_folder\hpm-8.0\build\x86_windows\x64\debug\encoder_lib\enc_esao.obj
d:\chaos_folder\hpm-8.0\build\x86_windows\x64\debug\encoder_lib\enc_encadaptiveloopfilter.obj
d:\chaos_folder\hpm-8.0\build\x86_windows\x64\debug\encoder_lib\enc_eco.obj
d:\chaos_folder\hpm-8.0\build\x86_windows\x64\debug\encoder_lib\enc_bsw.obj
d:\chaos_folder\hpm-8.0\build\x86_windows\x64\debug\encoder_lib\enc.obj
d:\chaos_folder\hpm-8.0\build\x86_windows\x64\debug\encoder_lib\vc142.pdb
d:\chaos_folder\hpm-8.0\build\x86_windows\x64\debug\encoder_lib\vc142.idb
d:\chaos_folder\hpm-8.0\build\x86_windows\x64\debug\encoder_lib\enc_ibc_hashmap.obj
d:\chaos_folder\hpm-8.0\build\x86_windows\x64\debug\encoder_lib\enc_sp.obj
d:\chaos_folder\hpm-8.0\lib\encoder_lib.lib
d:\chaos_folder\hpm-8.0\build\x86_windows\..\..\lib\encoder_lib.lib
d:\chaos_folder\hpm-8.0\build\x86_windows\x64\debug\encoder_lib\encoder_lib.tlog\cl.command.1.tlog
d:\chaos_folder\hpm-8.0\build\x86_windows\x64\debug\encoder_lib\encoder_lib.tlog\cl.read.1.tlog
d:\chaos_folder\hpm-8.0\build\x86_windows\x64\debug\encoder_lib\encoder_lib.tlog\cl.write.1.tlog
d:\chaos_folder\hpm-8.0\build\x86_windows\x64\debug\encoder_lib\encoder_lib.tlog\lib-link.read.1.tlog
d:\chaos_folder\hpm-8.0\build\x86_windows\x64\debug\encoder_lib\encoder_lib.tlog\lib-link.write.1.tlog
d:\chaos_folder\hpm-8.0\build\x86_windows\x64\debug\encoder_lib\encoder_lib.tlog\lib.command.1.tlog
