d:\chaos_folder\hpm-8.0\build\x86_windows\x64\debug\common_lib\vc141.pdb
d:\chaos_folder\hpm-8.0\build\x86_windows\x64\debug\common_lib\vc141.idb
d:\chaos_folder\hpm-8.0\build\x86_windows\x64\debug\common_lib\com_sao.obj
d:\chaos_folder\hpm-8.0\build\x86_windows\x64\debug\common_lib\com_util.obj
d:\chaos_folder\hpm-8.0\build\x86_windows\x64\debug\common_lib\com_tbl.obj
d:\chaos_folder\hpm-8.0\build\x86_windows\x64\debug\common_lib\com_recon.obj
d:\chaos_folder\hpm-8.0\build\x86_windows\x64\debug\common_lib\com_mc.obj
d:\chaos_folder\hpm-8.0\build\x86_windows\x64\debug\common_lib\com_itdq.obj
d:\chaos_folder\hpm-8.0\build\x86_windows\x64\debug\common_lib\com_ipred.obj
d:\chaos_folder\hpm-8.0\build\x86_windows\x64\debug\common_lib\com_picman.obj
d:\chaos_folder\hpm-8.0\build\x86_windows\x64\debug\common_lib\com_img.obj
d:\chaos_folder\hpm-8.0\build\x86_windows\x64\debug\common_lib\com_esao.obj
d:\chaos_folder\hpm-8.0\build\x86_windows\x64\debug\common_lib\com_df.obj
d:\chaos_folder\hpm-8.0\build\x86_windows\x64\debug\common_lib\com_comadaptiveloopfilter.obj
d:\chaos_folder\hpm-8.0\build\x86_windows\x64\debug\common_lib\vc142.pdb
d:\chaos_folder\hpm-8.0\build\x86_windows\x64\debug\common_lib\vc142.idb
d:\chaos_folder\hpm-8.0\lib\common_lib.lib
d:\chaos_folder\hpm-8.0\build\x86_windows\..\..\lib\common_lib.lib
d:\chaos_folder\hpm-8.0\build\x86_windows\x64\debug\common_lib\common_lib.tlog\cl.command.1.tlog
d:\chaos_folder\hpm-8.0\build\x86_windows\x64\debug\common_lib\common_lib.tlog\cl.read.1.tlog
d:\chaos_folder\hpm-8.0\build\x86_windows\x64\debug\common_lib\common_lib.tlog\cl.write.1.tlog
d:\chaos_folder\hpm-8.0\build\x86_windows\x64\debug\common_lib\common_lib.tlog\lib-link.read.1.tlog
d:\chaos_folder\hpm-8.0\build\x86_windows\x64\debug\common_lib\common_lib.tlog\lib-link.write.1.tlog
d:\chaos_folder\hpm-8.0\build\x86_windows\x64\debug\common_lib\common_lib.tlog\lib.command.1.tlog
